\BOOKMARK [1][-]{section.1}{\376\377\000I\000N\000T\000R\000O\000D\000U\000\307\000\303\000O}{}% 1
\BOOKMARK [2][-]{subsection.1.1}{\376\377\000C\000o\000n\000t\000e\000x\000t\000o\000\040\000e\000\040\000M\000o\000t\000i\000v\000a\000\347\000\343\000o}{section.1}% 2
\BOOKMARK [2][-]{subsection.1.2}{\376\377\000O\000b\000j\000e\000t\000i\000v\000o}{section.1}% 3
\BOOKMARK [2][-]{subsection.1.3}{\376\377\000E\000s\000t\000r\000u\000t\000u\000r\000a\000\040\000d\000o\000\040\000T\000r\000a\000b\000a\000l\000h\000o}{section.1}% 4
\BOOKMARK [1][-]{section.2}{\376\377\000F\000U\000N\000D\000A\000M\000E\000N\000T\000A\000\307\000\303\000O\000\040\000T\000E\000\323\000R\000I\000C\000A}{}% 5
\BOOKMARK [2][-]{subsection.2.1}{\376\377\000P\000e\000s\000q\000u\000i\000s\000a\000\040\000O\000p\000e\000r\000a\000c\000i\000o\000n\000a\000l}{section.2}% 6
\BOOKMARK [2][-]{subsection.2.2}{\376\377\000P\000r\000o\000g\000r\000a\000m\000a\000\347\000\343\000o\000\040\000L\000i\000n\000e\000a\000r}{section.2}% 7
\BOOKMARK [2][-]{subsection.2.3}{\376\377\000M\000\351\000t\000o\000d\000o\000\040\000S\000i\000m\000p\000l\000e\000x}{section.2}% 8
\BOOKMARK [2][-]{subsection.2.4}{\376\377\000A\000n\000\341\000l\000i\000s\000e\000\040\000d\000e\000\040\000S\000e\000n\000s\000i\000b\000i\000l\000i\000d\000a\000d\000e}{section.2}% 9
\BOOKMARK [2][-]{subsection.2.5}{\376\377\000S\000i\000m\000u\000l\000a\000\347\000\343\000o\000\040\000M\000o\000n\000t\000e\000\040\000C\000a\000r\000l\000o}{section.2}% 10
\BOOKMARK [1][-]{section.3}{\376\377\000M\000E\000T\000O\000D\000O\000L\000O\000G\000I\000A\000\040\000E\000\040\000D\000A\000D\000O\000S}{}% 11
\BOOKMARK [2][-]{subsection.3.1}{\376\377\000F\000o\000n\000t\000e\000s\000\040\000d\000e\000\040\000D\000a\000d\000o\000s}{section.3}% 12
\BOOKMARK [2][-]{subsection.3.2}{\376\377\000D\000a\000d\000o\000s\000\040\000d\000e\000\040\000V\000i\000o\000l\000\352\000n\000c\000i\000a}{section.3}% 13
\BOOKMARK [2][-]{subsection.3.3}{\376\377\000D\000a\000d\000o\000s\000\040\000d\000e\000\040\000O\000r\000\347\000a\000m\000e\000n\000t\000o}{section.3}% 14
\BOOKMARK [2][-]{subsection.3.4}{\376\377\000C\000\341\000l\000c\000u\000l\000o\000\040\000d\000a\000\040\000E\000l\000a\000s\000t\000i\000c\000i\000d\000a\000d\000e}{section.3}% 15
\BOOKMARK [1][-]{section.4}{\376\377\000M\000O\000D\000E\000L\000O\000\040\000M\000A\000T\000E\000M\000\301\000T\000I\000C\000O}{}% 16
\BOOKMARK [2][-]{subsection.4.1}{\376\377\000D\000e\000f\000i\000n\000i\000\347\000\343\000o\000\040\000d\000o\000\040\000P\000r\000o\000b\000l\000e\000m\000a}{section.4}% 17
\BOOKMARK [2][-]{subsection.4.2}{\376\377\000V\000a\000r\000i\000\341\000v\000e\000i\000s\000\040\000d\000e\000\040\000D\000e\000c\000i\000s\000\343\000o}{section.4}% 18
\BOOKMARK [2][-]{subsection.4.3}{\376\377\000P\000a\000r\000\342\000m\000e\000t\000r\000o\000s}{section.4}% 19
\BOOKMARK [2][-]{subsection.4.4}{\376\377\000F\000u\000n\000\347\000\343\000o\000\040\000O\000b\000j\000e\000t\000i\000v\000o}{section.4}% 20
\BOOKMARK [2][-]{subsection.4.5}{\376\377\000R\000e\000s\000t\000r\000i\000\347\000\365\000e\000s}{section.4}% 21
\BOOKMARK [2][-]{subsection.4.6}{\376\377\000L\000i\000n\000e\000a\000r\000i\000z\000a\000\347\000\343\000o}{section.4}% 22
\BOOKMARK [2][-]{subsection.4.7}{\376\377\000I\000m\000p\000l\000e\000m\000e\000n\000t\000a\000\347\000\343\000o\000\040\000C\000o\000m\000p\000u\000t\000a\000c\000i\000o\000n\000a\000l}{section.4}% 23
\BOOKMARK [3][-]{subsubsection.4.7.1}{\376\377\000S\000o\000l\000v\000e\000r\000\040\000U\000t\000i\000l\000i\000z\000a\000d\000o}{subsection.4.7}% 24
\BOOKMARK [3][-]{subsubsection.4.7.2}{\376\377\000J\000u\000s\000t\000i\000f\000i\000c\000a\000t\000i\000v\000a\000\040\000d\000a\000\040\000E\000s\000c\000o\000l\000h\000a}{subsection.4.7}% 25
\BOOKMARK [3][-]{subsubsection.4.7.3}{\376\377\000E\000s\000t\000r\000u\000t\000u\000r\000a\000\040\000d\000o\000\040\000C\000\363\000d\000i\000g\000o}{subsection.4.7}% 26
\BOOKMARK [1][-]{section.5}{\376\377\000R\000E\000S\000U\000L\000T\000A\000D\000O\000S\000\040\000E\000\040\000A\000N\000\301\000L\000I\000S\000E\000S}{}% 27
\BOOKMARK [2][-]{subsection.5.1}{\376\377\000P\000a\000n\000o\000r\000a\000m\000a\000\040\000d\000a\000\040\000S\000i\000t\000u\000a\000\347\000\343\000o\000\040\000A\000t\000u\000a\000l}{section.5}% 28
\BOOKMARK [2][-]{subsection.5.2}{\376\377\000R\000e\000l\000a\000\347\000\343\000o\000\040\000e\000n\000t\000r\000e\000\040\000G\000a\000s\000t\000o\000\040\000e\000\040\000V\000i\000o\000l\000\352\000n\000c\000i\000a}{section.5}% 29
\BOOKMARK [2][-]{subsection.5.3}{\376\377\000A\000n\000\341\000l\000i\000s\000e\000\040\000d\000e\000\040\000E\000f\000i\000c\000i\000\352\000n\000c\000i\000a}{section.5}% 30
\BOOKMARK [2][-]{subsection.5.4}{\376\377\000R\000e\000s\000u\000l\000t\000a\000d\000o\000\040\000d\000a\000\040\000O\000t\000i\000m\000i\000z\000a\000\347\000\343\000o}{section.5}% 31
\BOOKMARK [2][-]{subsection.5.5}{\376\377\000A\000l\000o\000c\000a\000\347\000\343\000o\000\040\000\323\000t\000i\000m\000a}{section.5}% 32
\BOOKMARK [2][-]{subsection.5.6}{\376\377\000A\000n\000\341\000l\000i\000s\000e\000\040\000d\000e\000\040\000S\000e\000n\000s\000i\000b\000i\000l\000i\000d\000a\000d\000e}{section.5}% 33
\BOOKMARK [2][-]{subsection.5.7}{\376\377\000S\000i\000m\000u\000l\000a\000\347\000\343\000o\000\040\000M\000o\000n\000t\000e\000\040\000C\000a\000r\000l\000o}{section.5}% 34
\BOOKMARK [2][-]{subsection.5.8}{\376\377\000V\000a\000l\000i\000d\000a\000\347\000\343\000o\000\040\000p\000o\000r\000\040\000B\000a\000c\000k\000t\000e\000s\000t\000i\000n\000g}{section.5}% 35
\BOOKMARK [1][-]{section.6}{\376\377\000C\000O\000N\000C\000L\000U\000S\000\325\000E\000S}{}% 36
\BOOKMARK [1][-]{section.6}{\376\377\000R\000E\000F\000E\000R\000\312\000N\000C\000I\000A\000S}{}% 37
\BOOKMARK [1][-]{section.6}{\376\377\000A\000P\000\312\000N\000D\000I\000C\000E\000\040\000A\000\040\040\023\000\040\000D\000a\000d\000o\000s\000\040\000U\000t\000i\000l\000i\000z\000a\000d\000o\000s}{}% 38
\BOOKMARK [1][-]{table.caption.10}{\376\377\000A\000P\000\312\000N\000D\000I\000C\000E\000\040\000B\000\040\040\023\000\040\000C\000\363\000d\000i\000g\000o\000-\000F\000o\000n\000t\000e\000\040\000e\000\040\000A\000p\000l\000i\000c\000a\000\347\000\343\000o\000\040\000W\000e\000b}{}% 39
